{"D:\\node\\Etap 7 Advanced\\1\\bakend lista mikołaja\\records\\gift.record.ts": {"path":"D:\\node\\Etap 7 Advanced\\1\\bakend lista mikołaja\\records\\gift.record.ts","statementMap":{"0":{"start":{"line":1,"column":0},"end":{"line":1,"column":33}},"1":{"start":{"line":2,"column":0},"end":{"line":2,"column":48}},"2":{"start":{"line":3,"column":0},"end":{"line":3,"column":32}},"3":{"start":{"line":16,"column":4},"end":{"line":18,"column":null}},"4":{"start":{"line":17,"column":6},"end":{"line":17,"column":79}},"5":{"start":{"line":20,"column":4},"end":{"line":22,"column":null}},"6":{"start":{"line":21,"column":6},"end":{"line":21,"column":101}},"7":{"start":{"line":24,"column":4},"end":{"line":24,"column":21}},"8":{"start":{"line":25,"column":4},"end":{"line":25,"column":25}},"9":{"start":{"line":26,"column":4},"end":{"line":26,"column":27}},"10":{"start":{"line":30,"column":4},"end":{"line":32,"column":null}},"11":{"start":{"line":31,"column":6},"end":{"line":31,"column":23}},"12":{"start":{"line":34,"column":4},"end":{"line":38,"column":7}},"13":{"start":{"line":40,"column":4},"end":{"line":40,"column":19}},"14":{"start":{"line":44,"column":22},"end":{"line":44,"column":85}},"15":{"start":{"line":45,"column":4},"end":{"line":45,"column":51}},"16":{"start":{"line":45,"column":30},"end":{"line":45,"column":49}},"17":{"start":{"line":49,"column":4},"end":{"line":51,"column":7}},"18":{"start":{"line":55,"column":22},"end":{"line":57,"column":26}},"19":{"start":{"line":58,"column":4},"end":{"line":58,"column":68}},"20":{"start":{"line":62,"column":49},"end":{"line":64,"column":26}},"21":{"start":{"line":65,"column":4},"end":{"line":65,"column":17}},"22":{"start":{"line":10,"column":0},"end":{"line":10,"column":13}}},"fnMap":{"0":{"name":"(anonymous_7)","decl":{"start":{"line":15,"column":2},"end":{"line":15,"column":14}},"loc":{"start":{"line":15,"column":29},"end":{"line":27,"column":3}}},"1":{"name":"(anonymous_8)","decl":{"start":{"line":29,"column":8},"end":{"line":29,"column":14}},"loc":{"start":{"line":29,"column":14},"end":{"line":41,"column":null}}},"2":{"name":"(anonymous_10)","decl":{"start":{"line":43,"column":2},"end":{"line":43,"column":8}},"loc":{"start":{"line":43,"column":22},"end":{"line":46,"column":null}}},"3":{"name":"(anonymous_12)","decl":{"start":{"line":45,"column":23},"end":{"line":45,"column":26}},"loc":{"start":{"line":45,"column":30},"end":{"line":45,"column":49}}},"4":{"name":"(anonymous_13)","decl":{"start":{"line":48,"column":8},"end":{"line":48,"column":14}},"loc":{"start":{"line":48,"column":14},"end":{"line":52,"column":null}}},"5":{"name":"(anonymous_15)","decl":{"start":{"line":54,"column":2},"end":{"line":54,"column":8}},"loc":{"start":{"line":54,"column":32},"end":{"line":59,"column":null}}},"6":{"name":"(anonymous_17)","decl":{"start":{"line":61,"column":8},"end":{"line":61,"column":23}},"loc":{"start":{"line":61,"column":23},"end":{"line":66,"column":null}}}},"branchMap":{"0":{"loc":{"start":{"line":16,"column":4},"end":{"line":18,"column":null}},"type":"if","locations":[{"start":{"line":16,"column":4},"end":{"line":18,"column":null}}]},"1":{"loc":{"start":{"line":16,"column":8},"end":{"line":16,"column":64}},"type":"binary-expr","locations":[{"start":{"line":16,"column":8},"end":{"line":16,"column":17}},{"start":{"line":16,"column":21},"end":{"line":16,"column":40}},{"start":{"line":16,"column":44},"end":{"line":16,"column":64}}]},"2":{"loc":{"start":{"line":20,"column":4},"end":{"line":22,"column":null}},"type":"if","locations":[{"start":{"line":20,"column":4},"end":{"line":22,"column":null}}]},"3":{"loc":{"start":{"line":20,"column":8},"end":{"line":20,"column":57}},"type":"binary-expr","locations":[{"start":{"line":20,"column":8},"end":{"line":20,"column":18}},{"start":{"line":20,"column":22},"end":{"line":20,"column":35}},{"start":{"line":20,"column":39},"end":{"line":20,"column":57}}]},"4":{"loc":{"start":{"line":30,"column":4},"end":{"line":32,"column":null}},"type":"if","locations":[{"start":{"line":30,"column":4},"end":{"line":32,"column":null}}]},"5":{"loc":{"start":{"line":58,"column":11},"end":{"line":58,"column":67}},"type":"cond-expr","locations":[{"start":{"line":58,"column":34},"end":{"line":58,"column":38}},{"start":{"line":58,"column":41},"end":{"line":58,"column":67}}]}},"s":{"0":1,"1":1,"2":1,"3":1,"4":0,"5":1,"6":1,"7":0,"8":0,"9":0,"10":0,"11":0,"12":0,"13":0,"14":0,"15":0,"16":0,"17":0,"18":0,"19":0,"20":0,"21":0,"22":1},"f":{"0":1,"1":0,"2":0,"3":0,"4":0,"5":0,"6":0},"b":{"0":[0],"1":[1,1,1],"2":[1],"3":[1,0,0],"4":[0],"5":[0,0]}}
,"D:\\node\\Etap 7 Advanced\\1\\bakend lista mikołaja\\utils\\db.ts": {"path":"D:\\node\\Etap 7 Advanced\\1\\bakend lista mikołaja\\utils\\db.ts","statementMap":{"0":{"start":{"line":1,"column":0},"end":{"line":1,"column":42}},"1":{"start":{"line":3,"column":14},"end":{"line":9,"column":null}}},"fnMap":{},"branchMap":{},"s":{"0":1,"1":1},"f":{},"b":{}}
,"D:\\node\\Etap 7 Advanced\\1\\bakend lista mikołaja\\utils\\errors.ts": {"path":"D:\\node\\Etap 7 Advanced\\1\\bakend lista mikołaja\\utils\\errors.ts","statementMap":{"0":{"start":{"line":3,"column":0},"end":{"line":3,"column":13}},"1":{"start":{"line":5,"column":27},"end":{"line":12,"column":1}},"2":{"start":{"line":6,"column":4},"end":{"line":6,"column":23}},"3":{"start":{"line":7,"column":4},"end":{"line":11,"column":null}},"4":{"start":{"line":5,"column":13},"end":{"line":5,"column":27}}},"fnMap":{"0":{"name":"(anonymous_0)","decl":{"start":{"line":5,"column":27},"end":{"line":5,"column":28}},"loc":{"start":{"line":5,"column":97},"end":{"line":12,"column":1}}}},"branchMap":{"0":{"loc":{"start":{"line":8,"column":16},"end":{"line":8,"column":58}},"type":"cond-expr","locations":[{"start":{"line":8,"column":49},"end":{"line":8,"column":52}},{"start":{"line":8,"column":55},"end":{"line":8,"column":58}}]},"1":{"loc":{"start":{"line":10,"column":21},"end":{"line":10,"column":116}},"type":"cond-expr","locations":[{"start":{"line":10,"column":54},"end":{"line":10,"column":65}},{"start":{"line":10,"column":68},"end":{"line":10,"column":116}}]}},"s":{"0":1,"1":1,"2":0,"3":0,"4":1},"f":{"0":0},"b":{"0":[0,0],"1":[0,0]}}
}
