TN:
SF:records\gift.record.ts
FN:15,(anonymous_7)
FN:29,(anonymous_8)
FN:43,(anonymous_10)
FN:45,(anonymous_12)
FN:48,(anonymous_13)
FN:54,(anonymous_15)
FN:61,(anonymous_17)
FNF:7
FNH:1
FNDA:1,(anonymous_7)
FNDA:0,(anonymous_8)
FNDA:0,(anonymous_10)
FNDA:0,(anonymous_12)
FNDA:0,(anonymous_13)
FNDA:0,(anonymous_15)
FNDA:0,(anonymous_17)
DA:1,1
DA:2,1
DA:3,1
DA:10,1
DA:16,1
DA:17,0
DA:20,1
DA:21,1
DA:24,0
DA:25,0
DA:26,0
DA:30,0
DA:31,0
DA:34,0
DA:40,0
DA:44,0
DA:45,0
DA:49,0
DA:55,0
DA:58,0
DA:62,0
DA:65,0
LF:22
LH:7
BRDA:16,0,0,0
BRDA:16,1,0,1
BRDA:16,1,1,1
BRDA:16,1,2,1
BRDA:20,2,0,1
BRDA:20,3,0,1
BRDA:20,3,1,0
BRDA:20,3,2,0
BRDA:30,4,0,0
BRDA:58,5,0,0
BRDA:58,5,1,0
BRF:11
BRH:5
end_of_record
TN:
SF:utils\db.ts
FNF:0
FNH:0
DA:1,1
DA:3,1
LF:2
LH:2
BRF:0
BRH:0
end_of_record
TN:
SF:utils\errors.ts
FN:5,(anonymous_0)
FNF:1
FNH:0
FNDA:0,(anonymous_0)
DA:3,1
DA:5,1
DA:6,0
DA:7,0
LF:4
LH:2
BRDA:8,0,0,0
BRDA:8,0,1,0
BRDA:10,1,0,0
BRDA:10,1,1,0
BRF:4
BRH:0
end_of_record
